# JRE version: OpenJDK Runtime Environment (21.0.4) (build 21.0.4+-12508038-b607.1)
# Java VM: OpenJDK 64-Bit Server VM (21.0.4+-12508038-b607.1, mixed mode, tiered, compressed oops, compressed class ptrs, g1 gc, windows-amd64)
GC Precious Log:
 CardTable entry size: 512
 Card Set container configuration: InlinePtr #cards 5 size 8 Array Of Cards #cards 12 size 40 Howl #buckets 4 coarsen threshold 1843 Howl Bitmap #cards 512 size 80 coarsen threshold 460 Card regions per heap region 1 cards per card region 2048
 CPUs: 4 total, 4 available
 Memory: 8094M
 Large Page Support: Disabled
 NUMA Support: Disabled
 Compressed Oops: Enabled (32-bit)
 Heap Region Size: 1M
 Heap Min Capacity: 8M
 Heap Initial Capacity: 128M
 Heap Max Capacity: 2G
 Pre-touch: Disabled
 Parallel Workers: 4
 Concurrent Workers: 1
 Concurrent Refinement Workers: 4
 Periodic GC: Disabled
Heap:
 garbage-first heap   total 515072K, used 375011K [0x0000000080000000, 0x0000000100000000)
  region size 1024K, 118 young (120832K), 13 survivors (13312K)
 Metaspace       used 248166K, committed 250304K, reserved 1310720K
  class space    used 30745K, committed 31808K, reserved 1048576K
GC Heap History (20 events):
Event: 2491.397 GC heap before
{Heap before GC invocations=97 (full 0):
 garbage-first heap   total 515072K, used 474624K [0x0000000080000000, 0x0000000100000000)
  region size 1024K, 209 young (214016K), 12 survivors (12288K)
 Metaspace       used 224818K, committed 226880K, reserved 1310720K
  class space    used 27577K, committed 28608K, reserved 1048576K
}
Event: 2491.417 GC heap after
{Heap after GC invocations=98 (full 0):
 garbage-first heap   total 515072K, used 273408K [0x0000000080000000, 0x0000000100000000)
  region size 1024K, 11 young (11264K), 11 survivors (11264K)
 Metaspace       used 224818K, committed 226880K, reserved 1310720K
  class space    used 27577K, committed 28608K, reserved 1048576K
}
Event: 2492.913 GC heap before
{Heap before GC invocations=99 (full 0):
 garbage-first heap   total 515072K, used 476160K [0x0000000080000000, 0x0000000100000000)
  region size 1024K, 210 young (215040K), 11 survivors (11264K)
 Metaspace       used 226043K, committed 228160K, reserved 1310720K
  class space    used 27685K, committed 28736K, reserved 1048576K
}
Event: 2492.936 GC heap after
{Heap after GC invocations=100 (full 0):
 garbage-first heap   total 515072K, used 274944K [0x0000000080000000, 0x0000000100000000)
  region size 1024K, 13 young (13312K), 13 survivors (13312K)
 Metaspace       used 226043K, committed 228160K, reserved 1310720K
  class space    used 27685K, committed 28736K, reserved 1048576K
}
Event: 2494.389 GC heap before
{Heap before GC invocations=100 (full 0):
 garbage-first heap   total 515072K, used 473600K [0x0000000080000000, 0x0000000100000000)
  region size 1024K, 208 young (212992K), 13 survivors (13312K)
 Metaspace       used 227798K, committed 229824K, reserved 1310720K
  class space    used 27849K, committed 28864K, reserved 1048576K
}
Event: 2494.428 GC heap after
{Heap after GC invocations=101 (full 0):
 garbage-first heap   total 515072K, used 270243K [0x0000000080000000, 0x0000000100000000)
  region size 1024K, 13 young (13312K), 13 survivors (13312K)
 Metaspace       used 227798K, committed 229824K, reserved 1310720K
  class space    used 27849K, committed 28864K, reserved 1048576K
}
Event: 2496.002 GC heap before
{Heap before GC invocations=101 (full 0):
 garbage-first heap   total 515072K, used 472995K [0x0000000080000000, 0x0000000100000000)
  region size 1024K, 212 young (217088K), 13 survivors (13312K)
 Metaspace       used 227954K, committed 230080K, reserved 1310720K
  class space    used 27855K, committed 28928K, reserved 1048576K
}
Event: 2496.020 GC heap after
{Heap after GC invocations=102 (full 0):
 garbage-first heap   total 515072K, used 269731K [0x0000000080000000, 0x0000000100000000)
  region size 1024K, 12 young (12288K), 12 survivors (12288K)
 Metaspace       used 227954K, committed 230080K, reserved 1310720K
  class space    used 27855K, committed 28928K, reserved 1048576K
}
Event: 2497.627 GC heap before
{Heap before GC invocations=103 (full 0):
 garbage-first heap   total 515072K, used 475555K [0x0000000080000000, 0x0000000100000000)
  region size 1024K, 213 young (218112K), 12 survivors (12288K)
 Metaspace       used 228141K, committed 230208K, reserved 1310720K
  class space    used 27868K, committed 28928K, reserved 1048576K
}
Event: 2497.652 GC heap after
{Heap after GC invocations=104 (full 0):
 garbage-first heap   total 515072K, used 270243K [0x0000000080000000, 0x0000000100000000)
  region size 1024K, 13 young (13312K), 13 survivors (13312K)
 Metaspace       used 228141K, committed 230208K, reserved 1310720K
  class space    used 27868K, committed 28928K, reserved 1048576K
}
Event: 2498.397 GC heap before
{Heap before GC invocations=104 (full 0):
 garbage-first heap   total 515072K, used 475043K [0x0000000080000000, 0x0000000100000000)
  region size 1024K, 212 young (217088K), 13 survivors (13312K)
 Metaspace       used 228187K, committed 230272K, reserved 1310720K
  class space    used 27868K, committed 28928K, reserved 1048576K
}
Event: 2498.451 GC heap after
{Heap after GC invocations=105 (full 0):
 garbage-first heap   total 515072K, used 273783K [0x0000000080000000, 0x0000000100000000)
  region size 1024K, 19 young (19456K), 19 survivors (19456K)
 Metaspace       used 228187K, committed 230272K, reserved 1310720K
  class space    used 27868K, committed 28928K, reserved 1048576K
}
Event: 2498.996 GC heap before
{Heap before GC invocations=105 (full 0):
 garbage-first heap   total 515072K, used 467319K [0x0000000080000000, 0x0000000100000000)
  region size 1024K, 209 young (214016K), 19 survivors (19456K)
 Metaspace       used 228193K, committed 230272K, reserved 1310720K
  class space    used 27868K, committed 28928K, reserved 1048576K
}
Event: 2499.016 GC heap after
{Heap after GC invocations=106 (full 0):
 garbage-first heap   total 515072K, used 268487K [0x0000000080000000, 0x0000000100000000)
  region size 1024K, 10 young (10240K), 10 survivors (10240K)
 Metaspace       used 228193K, committed 230272K, reserved 1310720K
  class space    used 27868K, committed 28928K, reserved 1048576K
}
Event: 2500.295 GC heap before
{Heap before GC invocations=107 (full 0):
 garbage-first heap   total 515072K, used 479431K [0x0000000080000000, 0x0000000100000000)
  region size 1024K, 214 young (219136K), 10 survivors (10240K)
 Metaspace       used 228209K, committed 230336K, reserved 1310720K
  class space    used 27870K, committed 28928K, reserved 1048576K
}
Event: 2500.320 GC heap after
{Heap after GC invocations=108 (full 0):
 garbage-first heap   total 515072K, used 272071K [0x0000000080000000, 0x0000000100000000)
  region size 1024K, 12 young (12288K), 12 survivors (12288K)
 Metaspace       used 228209K, committed 230336K, reserved 1310720K
  class space    used 27870K, committed 28928K, reserved 1048576K
}
Event: 2502.067 GC heap before
{Heap before GC invocations=108 (full 0):
 garbage-first heap   total 515072K, used 473799K [0x0000000080000000, 0x0000000100000000)
  region size 1024K, 210 young (215040K), 12 survivors (12288K)
 Metaspace       used 231313K, committed 233408K, reserved 1310720K
  class space    used 28322K, committed 29376K, reserved 1048576K
}
Event: 2502.095 GC heap after
{Heap after GC invocations=109 (full 0):
 garbage-first heap   total 515072K, used 266467K [0x0000000080000000, 0x0000000100000000)
  region size 1024K, 11 young (11264K), 11 survivors (11264K)
 Metaspace       used 231313K, committed 233408K, reserved 1310720K
  class space    used 28322K, committed 29376K, reserved 1048576K
}
Event: 2507.430 GC heap before
{Heap before GC invocations=109 (full 0):
 garbage-first heap   total 515072K, used 475363K [0x0000000080000000, 0x0000000100000000)
  region size 1024K, 216 young (221184K), 11 survivors (11264K)
 Metaspace       used 247743K, committed 249856K, reserved 1310720K
  class space    used 30723K, committed 31808K, reserved 1048576K
}
Event: 2507.454 GC heap after
{Heap after GC invocations=110 (full 0):
 garbage-first heap   total 515072K, used 268515K [0x0000000080000000, 0x0000000100000000)
  region size 1024K, 13 young (13312K), 13 survivors (13312K)
 Metaspace       used 247743K, committed 249856K, reserved 1310720K
  class space    used 30723K, committed 31808K, reserved 1048576K
}

