# JRE version: OpenJDK Runtime Environment (21.0.4) (build 21.0.4+-12508038-b607.1)
# Java VM: OpenJDK 64-Bit Server VM (21.0.4+-12508038-b607.1, mixed mode, tiered, compressed oops, compressed class ptrs, g1 gc, windows-amd64)
GC Precious Log:
 CardTable entry size: 512
 Card Set container configuration: InlinePtr #cards 5 size 8 Array Of Cards #cards 12 size 40 Howl #buckets 4 coarsen threshold 1843 Howl Bitmap #cards 512 size 80 coarsen threshold 460 Card regions per heap region 1 cards per card region 2048
 CPUs: 4 total, 4 available
 Memory: 8094M
 Large Page Support: Disabled
 NUMA Support: Disabled
 Compressed Oops: Enabled (32-bit)
 Heap Region Size: 1M
 Heap Min Capacity: 8M
 Heap Initial Capacity: 128M
 Heap Max Capacity: 2G
 Pre-touch: Disabled
 Parallel Workers: 4
 Concurrent Workers: 1
 Concurrent Refinement Workers: 4
 Periodic GC: Disabled
Heap:
 garbage-first heap   total 374784K, used 204062K [0x0000000080000000, 0x0000000100000000)
  region size 1024K, 19 young (19456K), 2 survivors (2048K)
 Metaspace       used 134814K, committed 137024K, reserved 1179648K
  class space    used 18127K, committed 19264K, reserved 1048576K
GC Heap History (20 events):
Event: 35.026 GC heap before
{Heap before GC invocations=52 (full 0):
 garbage-first heap   total 236544K, used 213477K [0x0000000080000000, 0x0000000100000000)
  region size 1024K, 96 young (98304K), 9 survivors (9216K)
 Metaspace       used 114576K, committed 116736K, reserved 1179648K
  class space    used 15422K, committed 16512K, reserved 1048576K
}
Event: 35.046 GC heap after
{Heap after GC invocations=53 (full 0):
 garbage-first heap   total 236544K, used 125294K [0x0000000080000000, 0x0000000100000000)
  region size 1024K, 9 young (9216K), 9 survivors (9216K)
 Metaspace       used 114576K, committed 116736K, reserved 1179648K
  class space    used 15422K, committed 16512K, reserved 1048576K
}
Event: 36.645 GC heap before
{Heap before GC invocations=53 (full 0):
 garbage-first heap   total 236544K, used 212334K [0x0000000080000000, 0x0000000100000000)
  region size 1024K, 95 young (97280K), 9 survivors (9216K)
 Metaspace       used 117630K, committed 119808K, reserved 1179648K
  class space    used 15791K, committed 16896K, reserved 1048576K
}
Event: 36.664 GC heap after
{Heap after GC invocations=54 (full 0):
 garbage-first heap   total 236544K, used 129992K [0x0000000080000000, 0x0000000100000000)
  region size 1024K, 10 young (10240K), 10 survivors (10240K)
 Metaspace       used 117630K, committed 119808K, reserved 1179648K
  class space    used 15791K, committed 16896K, reserved 1048576K
}
Event: 38.052 GC heap before
{Heap before GC invocations=55 (full 0):
 garbage-first heap   total 236544K, used 211912K [0x0000000080000000, 0x0000000100000000)
  region size 1024K, 91 young (93184K), 10 survivors (10240K)
 Metaspace       used 118498K, committed 120640K, reserved 1179648K
  class space    used 15926K, committed 17024K, reserved 1048576K
}
Event: 38.072 GC heap after
{Heap after GC invocations=56 (full 0):
 garbage-first heap   total 236544K, used 133267K [0x0000000080000000, 0x0000000100000000)
  region size 1024K, 6 young (6144K), 6 survivors (6144K)
 Metaspace       used 118498K, committed 120640K, reserved 1179648K
  class space    used 15926K, committed 17024K, reserved 1048576K
}
Event: 39.336 GC heap before
{Heap before GC invocations=56 (full 0):
 garbage-first heap   total 236544K, used 215187K [0x0000000080000000, 0x0000000100000000)
  region size 1024K, 87 young (89088K), 6 survivors (6144K)
 Metaspace       used 123115K, committed 125312K, reserved 1179648K
  class space    used 16555K, committed 17664K, reserved 1048576K
}
Event: 39.357 GC heap after
{Heap after GC invocations=57 (full 0):
 garbage-first heap   total 236544K, used 142932K [0x0000000080000000, 0x0000000100000000)
  region size 1024K, 11 young (11264K), 11 survivors (11264K)
 Metaspace       used 123115K, committed 125312K, reserved 1179648K
  class space    used 16555K, committed 17664K, reserved 1048576K
}
Event: 40.525 GC heap before
{Heap before GC invocations=57 (full 0):
 garbage-first heap   total 236544K, used 210516K [0x0000000080000000, 0x0000000100000000)
  region size 1024K, 78 young (79872K), 11 survivors (11264K)
 Metaspace       used 125697K, committed 127872K, reserved 1179648K
  class space    used 16932K, committed 18048K, reserved 1048576K
}
Event: 40.557 GC heap after
{Heap after GC invocations=58 (full 0):
 garbage-first heap   total 236544K, used 154624K [0x0000000080000000, 0x0000000100000000)
  region size 1024K, 10 young (10240K), 10 survivors (10240K)
 Metaspace       used 125697K, committed 127872K, reserved 1179648K
  class space    used 16932K, committed 18048K, reserved 1048576K
}
Event: 41.937 GC heap before
{Heap before GC invocations=59 (full 0):
 garbage-first heap   total 258048K, used 210944K [0x0000000080000000, 0x0000000100000000)
  region size 1024K, 66 young (67584K), 10 survivors (10240K)
 Metaspace       used 127428K, committed 129600K, reserved 1179648K
  class space    used 17139K, committed 18240K, reserved 1048576K
}
Event: 41.976 GC heap after
{Heap after GC invocations=60 (full 0):
 garbage-first heap   total 258048K, used 164864K [0x0000000080000000, 0x0000000100000000)
  region size 1024K, 9 young (9216K), 9 survivors (9216K)
 Metaspace       used 127428K, committed 129600K, reserved 1179648K
  class space    used 17139K, committed 18240K, reserved 1048576K
}
Event: 43.018 GC heap before
{Heap before GC invocations=60 (full 0):
 garbage-first heap   total 258048K, used 231424K [0x0000000080000000, 0x0000000100000000)
  region size 1024K, 74 young (75776K), 9 survivors (9216K)
 Metaspace       used 128111K, committed 130240K, reserved 1179648K
  class space    used 17238K, committed 18304K, reserved 1048576K
}
Event: 43.067 GC heap after
{Heap after GC invocations=61 (full 0):
 garbage-first heap   total 258048K, used 177152K [0x0000000080000000, 0x0000000100000000)
  region size 1024K, 10 young (10240K), 10 survivors (10240K)
 Metaspace       used 128111K, committed 130240K, reserved 1179648K
  class space    used 17238K, committed 18304K, reserved 1048576K
}
Event: 43.986 GC heap before
{Heap before GC invocations=61 (full 0):
 garbage-first heap   total 258048K, used 233472K [0x0000000080000000, 0x0000000100000000)
  region size 1024K, 65 young (66560K), 10 survivors (10240K)
 Metaspace       used 130247K, committed 132352K, reserved 1179648K
  class space    used 17549K, committed 18624K, reserved 1048576K
}
Event: 44.017 GC heap after
{Heap after GC invocations=62 (full 0):
 garbage-first heap   total 258048K, used 187367K [0x0000000080000000, 0x0000000100000000)
  region size 1024K, 9 young (9216K), 9 survivors (9216K)
 Metaspace       used 130247K, committed 132352K, reserved 1179648K
  class space    used 17549K, committed 18624K, reserved 1048576K
}
Event: 45.624 GC heap before
{Heap before GC invocations=63 (full 0):
 garbage-first heap   total 312320K, used 231399K [0x0000000080000000, 0x0000000100000000)
  region size 1024K, 53 young (54272K), 9 survivors (9216K)
 Metaspace       used 133378K, committed 135552K, reserved 1179648K
  class space    used 18027K, committed 19136K, reserved 1048576K
}
Event: 45.643 GC heap after
{Heap after GC invocations=64 (full 0):
 garbage-first heap   total 312320K, used 189440K [0x0000000080000000, 0x0000000100000000)
  region size 1024K, 2 young (2048K), 2 survivors (2048K)
 Metaspace       used 133378K, committed 135552K, reserved 1179648K
  class space    used 18027K, committed 19136K, reserved 1048576K
}
Event: 48.393 GC heap before
{Heap before GC invocations=64 (full 0):
 garbage-first heap   total 312320K, used 278528K [0x0000000080000000, 0x0000000100000000)
  region size 1024K, 89 young (91136K), 2 survivors (2048K)
 Metaspace       used 134743K, committed 136896K, reserved 1179648K
  class space    used 18115K, committed 19200K, reserved 1048576K
}
Event: 48.404 GC heap after
{Heap after GC invocations=65 (full 0):
 garbage-first heap   total 374784K, used 187678K [0x0000000080000000, 0x0000000100000000)
  region size 1024K, 2 young (2048K), 2 survivors (2048K)
 Metaspace       used 134743K, committed 136896K, reserved 1179648K
  class space    used 18115K, committed 19200K, reserved 1048576K
}

