# JRE version: OpenJDK Runtime Environment (21.0.4) (build 21.0.4+-12508038-b607.1)
# Java VM: OpenJDK 64-Bit Server VM (21.0.4+-12508038-b607.1, mixed mode, tiered, compressed oops, compressed class ptrs, g1 gc, windows-amd64)
GC Precious Log:
 CardTable entry size: 512
 Card Set container configuration: InlinePtr #cards 5 size 8 Array Of Cards #cards 12 size 40 Howl #buckets 4 coarsen threshold 1843 Howl Bitmap #cards 512 size 80 coarsen threshold 460 Card regions per heap region 1 cards per card region 2048
 CPUs: 4 total, 4 available
 Memory: 8094M
 Large Page Support: Disabled
 NUMA Support: Disabled
 Compressed Oops: Enabled (32-bit)
 Heap Region Size: 1M
 Heap Min Capacity: 8M
 Heap Initial Capacity: 128M
 Heap Max Capacity: 2G
 Pre-touch: Disabled
 Parallel Workers: 4
 Concurrent Workers: 1
 Concurrent Refinement Workers: 4
 Periodic GC: Disabled
Heap:
 garbage-first heap   total 317440K, used 274242K [0x0000000080000000, 0x0000000100000000)
  region size 1024K, 94 young (96256K), 6 survivors (6144K)
 Metaspace       used 135647K, committed 137856K, reserved 1179648K
  class space    used 18204K, committed 19328K, reserved 1048576K
GC Heap History (20 events):
Event: 45.113 GC heap before
{Heap before GC invocations=63 (full 0):
 garbage-first heap   total 317440K, used 290941K [0x0000000080000000, 0x0000000100000000)
  region size 1024K, 103 young (105472K), 4 survivors (4096K)
 Metaspace       used 135293K, committed 137536K, reserved 1179648K
  class space    used 18168K, committed 19328K, reserved 1048576K
}
Event: 45.126 GC heap after
{Heap after GC invocations=64 (full 0):
 garbage-first heap   total 317440K, used 188038K [0x0000000080000000, 0x0000000100000000)
  region size 1024K, 5 young (5120K), 5 survivors (5120K)
 Metaspace       used 135293K, committed 137536K, reserved 1179648K
  class space    used 18168K, committed 19328K, reserved 1048576K
}
Event: 46.297 GC heap before
{Heap before GC invocations=64 (full 0):
 garbage-first heap   total 317440K, used 294534K [0x0000000080000000, 0x0000000100000000)
  region size 1024K, 109 young (111616K), 5 survivors (5120K)
 Metaspace       used 135401K, committed 137600K, reserved 1179648K
  class space    used 18183K, committed 19328K, reserved 1048576K
}
Event: 46.307 GC heap after
{Heap after GC invocations=65 (full 0):
 garbage-first heap   total 317440K, used 188576K [0x0000000080000000, 0x0000000100000000)
  region size 1024K, 5 young (5120K), 5 survivors (5120K)
 Metaspace       used 135401K, committed 137600K, reserved 1179648K
  class space    used 18183K, committed 19328K, reserved 1048576K
}
Event: 48.891 GC heap before
{Heap before GC invocations=66 (full 0):
 garbage-first heap   total 317440K, used 295072K [0x0000000080000000, 0x0000000100000000)
  region size 1024K, 109 young (111616K), 5 survivors (5120K)
 Metaspace       used 135420K, committed 137600K, reserved 1179648K
  class space    used 18183K, committed 19328K, reserved 1048576K
}
Event: 48.902 GC heap after
{Heap after GC invocations=67 (full 0):
 garbage-first heap   total 317440K, used 188655K [0x0000000080000000, 0x0000000100000000)
  region size 1024K, 5 young (5120K), 5 survivors (5120K)
 Metaspace       used 135420K, committed 137600K, reserved 1179648K
  class space    used 18183K, committed 19328K, reserved 1048576K
}
Event: 51.491 GC heap before
{Heap before GC invocations=67 (full 0):
 garbage-first heap   total 317440K, used 295151K [0x0000000080000000, 0x0000000100000000)
  region size 1024K, 109 young (111616K), 5 survivors (5120K)
 Metaspace       used 135451K, committed 137664K, reserved 1179648K
  class space    used 18186K, committed 19328K, reserved 1048576K
}
Event: 51.507 GC heap after
{Heap after GC invocations=68 (full 0):
 garbage-first heap   total 317440K, used 187202K [0x0000000080000000, 0x0000000100000000)
  region size 1024K, 6 young (6144K), 6 survivors (6144K)
 Metaspace       used 135451K, committed 137664K, reserved 1179648K
  class space    used 18186K, committed 19328K, reserved 1048576K
}
Event: 53.521 GC heap before
{Heap before GC invocations=68 (full 0):
 garbage-first heap   total 317440K, used 293698K [0x0000000080000000, 0x0000000100000000)
  region size 1024K, 110 young (112640K), 6 survivors (6144K)
 Metaspace       used 135519K, committed 137728K, reserved 1179648K
  class space    used 18193K, committed 19328K, reserved 1048576K
}
Event: 53.533 GC heap after
{Heap after GC invocations=69 (full 0):
 garbage-first heap   total 317440K, used 187783K [0x0000000080000000, 0x0000000100000000)
  region size 1024K, 6 young (6144K), 6 survivors (6144K)
 Metaspace       used 135519K, committed 137728K, reserved 1179648K
  class space    used 18193K, committed 19328K, reserved 1048576K
}
Event: 57.698 GC heap before
{Heap before GC invocations=70 (full 0):
 garbage-first heap   total 317440K, used 294279K [0x0000000080000000, 0x0000000100000000)
  region size 1024K, 110 young (112640K), 6 survivors (6144K)
 Metaspace       used 135534K, committed 137728K, reserved 1179648K
  class space    used 18193K, committed 19328K, reserved 1048576K
}
Event: 57.715 GC heap after
{Heap after GC invocations=71 (full 0):
 garbage-first heap   total 317440K, used 188372K [0x0000000080000000, 0x0000000100000000)
  region size 1024K, 7 young (7168K), 7 survivors (7168K)
 Metaspace       used 135534K, committed 137728K, reserved 1179648K
  class space    used 18193K, committed 19328K, reserved 1048576K
}
Event: 59.691 GC heap before
{Heap before GC invocations=71 (full 0):
 garbage-first heap   total 317440K, used 292820K [0x0000000080000000, 0x0000000100000000)
  region size 1024K, 109 young (111616K), 7 survivors (7168K)
 Metaspace       used 135566K, committed 137728K, reserved 1179648K
  class space    used 18198K, committed 19328K, reserved 1048576K
}
Event: 59.711 GC heap after
{Heap after GC invocations=72 (full 0):
 garbage-first heap   total 317440K, used 186497K [0x0000000080000000, 0x0000000100000000)
  region size 1024K, 7 young (7168K), 7 survivors (7168K)
 Metaspace       used 135566K, committed 137728K, reserved 1179648K
  class space    used 18198K, committed 19328K, reserved 1048576K
}
Event: 61.552 GC heap before
{Heap before GC invocations=72 (full 0):
 garbage-first heap   total 317440K, used 292993K [0x0000000080000000, 0x0000000100000000)
  region size 1024K, 111 young (113664K), 7 survivors (7168K)
 Metaspace       used 135588K, committed 137792K, reserved 1179648K
  class space    used 18199K, committed 19328K, reserved 1048576K
}
Event: 61.567 GC heap after
{Heap after GC invocations=73 (full 0):
 garbage-first heap   total 317440K, used 186681K [0x0000000080000000, 0x0000000100000000)
  region size 1024K, 7 young (7168K), 7 survivors (7168K)
 Metaspace       used 135588K, committed 137792K, reserved 1179648K
  class space    used 18199K, committed 19328K, reserved 1048576K
}
Event: 63.691 GC heap before
{Heap before GC invocations=74 (full 0):
 garbage-first heap   total 317440K, used 293177K [0x0000000080000000, 0x0000000100000000)
  region size 1024K, 111 young (113664K), 7 survivors (7168K)
 Metaspace       used 135601K, committed 137792K, reserved 1179648K
  class space    used 18199K, committed 19328K, reserved 1048576K
}
Event: 63.706 GC heap after
{Heap after GC invocations=75 (full 0):
 garbage-first heap   total 317440K, used 188032K [0x0000000080000000, 0x0000000100000000)
  region size 1024K, 9 young (9216K), 9 survivors (9216K)
 Metaspace       used 135601K, committed 137792K, reserved 1179648K
  class space    used 18199K, committed 19328K, reserved 1048576K
}
Event: 66.245 GC heap before
{Heap before GC invocations=75 (full 0):
 garbage-first heap   total 317440K, used 290432K [0x0000000080000000, 0x0000000100000000)
  region size 1024K, 109 young (111616K), 9 survivors (9216K)
 Metaspace       used 135629K, committed 137792K, reserved 1179648K
  class space    used 18204K, committed 19328K, reserved 1048576K
}
Event: 66.272 GC heap after
{Heap after GC invocations=76 (full 0):
 garbage-first heap   total 317440K, used 185154K [0x0000000080000000, 0x0000000100000000)
  region size 1024K, 6 young (6144K), 6 survivors (6144K)
 Metaspace       used 135629K, committed 137792K, reserved 1179648K
  class space    used 18204K, committed 19328K, reserved 1048576K
}

