# JRE version: OpenJDK Runtime Environment (21.0.4) (build 21.0.4+-12508038-b607.1)
# Java VM: OpenJDK 64-Bit Server VM (21.0.4+-12508038-b607.1, mixed mode, tiered, compressed oops, compressed class ptrs, g1 gc, windows-amd64)
GC Precious Log:
 CardTable entry size: 512
 Card Set container configuration: InlinePtr #cards 5 size 8 Array Of Cards #cards 12 size 40 Howl #buckets 4 coarsen threshold 1843 Howl Bitmap #cards 512 size 80 coarsen threshold 460 Card regions per heap region 1 cards per card region 2048
 CPUs: 4 total, 4 available
 Memory: 8094M
 Large Page Support: Disabled
 NUMA Support: Disabled
 Compressed Oops: Enabled (32-bit)
 Heap Region Size: 1M
 Heap Min Capacity: 8M
 Heap Initial Capacity: 128M
 Heap Max Capacity: 2G
 Pre-touch: Disabled
 Parallel Workers: 4
 Concurrent Workers: 1
 Concurrent Refinement Workers: 4
 Periodic GC: Disabled
Heap:
 garbage-first heap   total 321536K, used 268891K [0x0000000080000000, 0x0000000100000000)
  region size 1024K, 82 young (83968K), 5 survivors (5120K)
 Metaspace       used 137877K, committed 140160K, reserved 1179648K
  class space    used 18511K, committed 19648K, reserved 1048576K
GC Heap History (20 events):
Event: 63.155 GC heap before
{Heap before GC invocations=74 (full 0):
 garbage-first heap   total 286720K, used 256899K [0x0000000080000000, 0x0000000100000000)
  region size 1024K, 83 young (84992K), 6 survivors (6144K)
 Metaspace       used 137428K, committed 139648K, reserved 1179648K
  class space    used 18472K, committed 19584K, reserved 1048576K
}
Event: 63.177 GC heap after
{Heap after GC invocations=75 (full 0):
 garbage-first heap   total 286720K, used 180014K [0x0000000080000000, 0x0000000100000000)
  region size 1024K, 9 young (9216K), 9 survivors (9216K)
 Metaspace       used 137428K, committed 139648K, reserved 1179648K
  class space    used 18472K, committed 19584K, reserved 1048576K
}
Event: 64.902 GC heap before
{Heap before GC invocations=75 (full 0):
 garbage-first heap   total 286720K, used 259886K [0x0000000080000000, 0x0000000100000000)
  region size 1024K, 87 young (89088K), 9 survivors (9216K)
 Metaspace       used 137538K, committed 139776K, reserved 1179648K
  class space    used 18489K, committed 19584K, reserved 1048576K
}
Event: 64.917 GC heap after
{Heap after GC invocations=76 (full 0):
 garbage-first heap   total 286720K, used 180303K [0x0000000080000000, 0x0000000100000000)
  region size 1024K, 6 young (6144K), 6 survivors (6144K)
 Metaspace       used 137538K, committed 139776K, reserved 1179648K
  class space    used 18489K, committed 19584K, reserved 1048576K
}
Event: 69.285 GC heap before
{Heap before GC invocations=77 (full 0):
 garbage-first heap   total 302080K, used 263247K [0x0000000080000000, 0x0000000100000000)
  region size 1024K, 87 young (89088K), 6 survivors (6144K)
 Metaspace       used 137620K, committed 139840K, reserved 1179648K
  class space    used 18490K, committed 19584K, reserved 1048576K
}
Event: 69.296 GC heap after
{Heap after GC invocations=78 (full 0):
 garbage-first heap   total 302080K, used 179931K [0x0000000080000000, 0x0000000100000000)
  region size 1024K, 5 young (5120K), 5 survivors (5120K)
 Metaspace       used 137620K, committed 139840K, reserved 1179648K
  class space    used 18490K, committed 19584K, reserved 1048576K
}
Event: 71.133 GC heap before
{Heap before GC invocations=78 (full 0):
 garbage-first heap   total 302080K, used 280283K [0x0000000080000000, 0x0000000100000000)
  region size 1024K, 103 young (105472K), 5 survivors (5120K)
 Metaspace       used 137637K, committed 139840K, reserved 1179648K
  class space    used 18491K, committed 19584K, reserved 1048576K
}
Event: 71.149 GC heap after
{Heap after GC invocations=79 (full 0):
 garbage-first heap   total 302080K, used 180670K [0x0000000080000000, 0x0000000100000000)
  region size 1024K, 9 young (9216K), 9 survivors (9216K)
 Metaspace       used 137637K, committed 139840K, reserved 1179648K
  class space    used 18491K, committed 19584K, reserved 1048576K
}
Event: 72.524 GC heap before
{Heap before GC invocations=79 (full 0):
 garbage-first heap   total 302080K, used 275902K [0x0000000080000000, 0x0000000100000000)
  region size 1024K, 102 young (104448K), 9 survivors (9216K)
 Metaspace       used 137658K, committed 139904K, reserved 1179648K
  class space    used 18491K, committed 19584K, reserved 1048576K
}
Event: 72.550 GC heap after
{Heap after GC invocations=80 (full 0):
 garbage-first heap   total 302080K, used 188343K [0x0000000080000000, 0x0000000100000000)
  region size 1024K, 12 young (12288K), 12 survivors (12288K)
 Metaspace       used 137658K, committed 139904K, reserved 1179648K
  class space    used 18491K, committed 19584K, reserved 1048576K
}
Event: 74.549 GC heap before
{Heap before GC invocations=81 (full 0):
 garbage-first heap   total 316416K, used 272311K [0x0000000080000000, 0x0000000100000000)
  region size 1024K, 94 young (96256K), 12 survivors (12288K)
 Metaspace       used 137686K, committed 139904K, reserved 1179648K
  class space    used 18492K, committed 19584K, reserved 1048576K
}
Event: 74.572 GC heap after
{Heap after GC invocations=82 (full 0):
 garbage-first heap   total 316416K, used 193197K [0x0000000080000000, 0x0000000100000000)
  region size 1024K, 5 young (5120K), 5 survivors (5120K)
 Metaspace       used 137686K, committed 139904K, reserved 1179648K
  class space    used 18492K, committed 19584K, reserved 1048576K
}
Event: 76.630 GC heap before
{Heap before GC invocations=82 (full 0):
 garbage-first heap   total 316416K, used 293549K [0x0000000080000000, 0x0000000100000000)
  region size 1024K, 103 young (105472K), 5 survivors (5120K)
 Metaspace       used 137756K, committed 139968K, reserved 1179648K
  class space    used 18501K, committed 19584K, reserved 1048576K
}
Event: 76.645 GC heap after
{Heap after GC invocations=83 (full 0):
 garbage-first heap   total 316416K, used 190922K [0x0000000080000000, 0x0000000100000000)
  region size 1024K, 4 young (4096K), 4 survivors (4096K)
 Metaspace       used 137756K, committed 139968K, reserved 1179648K
  class space    used 18501K, committed 19584K, reserved 1048576K
}
Event: 77.964 GC heap before
{Heap before GC invocations=83 (full 0):
 garbage-first heap   total 316416K, used 295370K [0x0000000080000000, 0x0000000100000000)
  region size 1024K, 106 young (108544K), 4 survivors (4096K)
 Metaspace       used 137805K, committed 140096K, reserved 1179648K
  class space    used 18506K, committed 19648K, reserved 1048576K
}
Event: 77.974 GC heap after
{Heap after GC invocations=84 (full 0):
 garbage-first heap   total 316416K, used 191332K [0x0000000080000000, 0x0000000100000000)
  region size 1024K, 5 young (5120K), 5 survivors (5120K)
 Metaspace       used 137805K, committed 140096K, reserved 1179648K
  class space    used 18506K, committed 19648K, reserved 1048576K
}
Event: 80.951 GC heap before
{Heap before GC invocations=85 (full 0):
 garbage-first heap   total 321536K, used 292708K [0x0000000080000000, 0x0000000100000000)
  region size 1024K, 104 young (106496K), 5 survivors (5120K)
 Metaspace       used 137835K, committed 140096K, reserved 1179648K
  class space    used 18511K, committed 19648K, reserved 1048576K
}
Event: 80.961 GC heap after
{Heap after GC invocations=86 (full 0):
 garbage-first heap   total 321536K, used 191712K [0x0000000080000000, 0x0000000100000000)
  region size 1024K, 5 young (5120K), 5 survivors (5120K)
 Metaspace       used 137835K, committed 140096K, reserved 1179648K
  class space    used 18511K, committed 19648K, reserved 1048576K
}
Event: 82.478 GC heap before
{Heap before GC invocations=86 (full 0):
 garbage-first heap   total 321536K, used 298208K [0x0000000080000000, 0x0000000100000000)
  region size 1024K, 109 young (111616K), 5 survivors (5120K)
 Metaspace       used 137870K, committed 140096K, reserved 1179648K
  class space    used 18511K, committed 19648K, reserved 1048576K
}
Event: 82.489 GC heap after
{Heap after GC invocations=87 (full 0):
 garbage-first heap   total 321536K, used 191067K [0x0000000080000000, 0x0000000100000000)
  region size 1024K, 5 young (5120K), 5 survivors (5120K)
 Metaspace       used 137870K, committed 140096K, reserved 1179648K
  class space    used 18511K, committed 19648K, reserved 1048576K
}

