# JRE version: OpenJDK Runtime Environment (21.0.3) (build 21.0.3+-12282718-b509.11)
# Java VM: OpenJDK 64-Bit Server VM (21.0.3+-12282718-b509.11, mixed mode, tiered, compressed oops, compressed class ptrs, g1 gc, windows-amd64)
GC Precious Log:
 CardTable entry size: 512
 Card Set container configuration: InlinePtr #cards 5 size 8 Array Of Cards #cards 12 size 40 Howl #buckets 4 coarsen threshold 1843 Howl Bitmap #cards 512 size 80 coarsen threshold 460 Card regions per heap region 1 cards per card region 2048
 CPUs: 4 total, 4 available
 Memory: 8094M
 Large Page Support: Disabled
 NUMA Support: Disabled
 Compressed Oops: Enabled (32-bit)
 Heap Region Size: 1M
 Heap Min Capacity: 8M
 Heap Initial Capacity: 128M
 Heap Max Capacity: 2G
 Pre-touch: Disabled
 Parallel Workers: 4
 Concurrent Workers: 1
 Concurrent Refinement Workers: 4
 Periodic GC: Disabled
Heap:
 garbage-first heap   total 501760K, used 472539K [0x0000000080000000, 0x0000000100000000)
  region size 1024K, 194 young (198656K), 23 survivors (23552K)
 Metaspace       used 247662K, committed 250816K, reserved 1310720K
  class space    used 30944K, committed 32576K, reserved 1048576K
GC Heap History (20 events):
Event: 96.917 GC heap after
{Heap after GC invocations=64 (full 0):
 garbage-first heap   total 457728K, used 255121K [0x0000000080000000, 0x0000000100000000)
  region size 1024K, 12 young (12288K), 12 survivors (12288K)
 Metaspace       used 204102K, committed 206912K, reserved 1245184K
  class space    used 26097K, committed 27456K, reserved 1048576K
}
Event: 98.874 GC heap before
{Heap before GC invocations=64 (full 0):
 garbage-first heap   total 457728K, used 421009K [0x0000000080000000, 0x0000000100000000)
  region size 1024K, 172 young (176128K), 12 survivors (12288K)
 Metaspace       used 206893K, committed 209728K, reserved 1245184K
  class space    used 26504K, committed 27904K, reserved 1048576K
}
Event: 98.903 GC heap after
{Heap after GC invocations=65 (full 0):
 garbage-first heap   total 457728K, used 252416K [0x0000000080000000, 0x0000000100000000)
  region size 1024K, 15 young (15360K), 15 survivors (15360K)
 Metaspace       used 206893K, committed 209728K, reserved 1245184K
  class space    used 26504K, committed 27904K, reserved 1048576K
}
Event: 99.148 GC heap before
{Heap before GC invocations=65 (full 0):
 garbage-first heap   total 457728K, used 263680K [0x0000000080000000, 0x0000000100000000)
  region size 1024K, 27 young (27648K), 15 survivors (15360K)
 Metaspace       used 206960K, committed 209728K, reserved 1245184K
  class space    used 26511K, committed 27904K, reserved 1048576K
}
Event: 99.170 GC heap after
{Heap after GC invocations=66 (full 0):
 garbage-first heap   total 457728K, used 248936K [0x0000000080000000, 0x0000000100000000)
  region size 1024K, 7 young (7168K), 7 survivors (7168K)
 Metaspace       used 206960K, committed 209728K, reserved 1245184K
  class space    used 26511K, committed 27904K, reserved 1048576K
}
Event: 102.779 GC heap before
{Heap before GC invocations=67 (full 0):
 garbage-first heap   total 457728K, used 428136K [0x0000000080000000, 0x0000000100000000)
  region size 1024K, 180 young (184320K), 7 survivors (7168K)
 Metaspace       used 207382K, committed 210112K, reserved 1245184K
  class space    used 26533K, committed 27904K, reserved 1048576K
}
Event: 102.796 GC heap after
{Heap after GC invocations=68 (full 0):
 garbage-first heap   total 457728K, used 254056K [0x0000000080000000, 0x0000000100000000)
  region size 1024K, 10 young (10240K), 10 survivors (10240K)
 Metaspace       used 207382K, committed 210112K, reserved 1245184K
  class space    used 26533K, committed 27904K, reserved 1048576K
}
Event: 112.369 GC heap before
{Heap before GC invocations=68 (full 0):
 garbage-first heap   total 457728K, used 423016K [0x0000000080000000, 0x0000000100000000)
  region size 1024K, 175 young (179200K), 10 survivors (10240K)
 Metaspace       used 211443K, committed 214208K, reserved 1245184K
  class space    used 26954K, committed 28352K, reserved 1048576K
}
Event: 112.401 GC heap after
{Heap after GC invocations=69 (full 0):
 garbage-first heap   total 457728K, used 249670K [0x0000000080000000, 0x0000000100000000)
  region size 1024K, 12 young (12288K), 12 survivors (12288K)
 Metaspace       used 211443K, committed 214208K, reserved 1245184K
  class space    used 26954K, committed 28352K, reserved 1048576K
}
Event: 117.326 GC heap before
{Heap before GC invocations=69 (full 0):
 garbage-first heap   total 457728K, used 421702K [0x0000000080000000, 0x0000000100000000)
  region size 1024K, 180 young (184320K), 12 survivors (12288K)
 Metaspace       used 213618K, committed 216448K, reserved 1245184K
  class space    used 27194K, committed 28608K, reserved 1048576K
}
Event: 117.357 GC heap after
{Heap after GC invocations=70 (full 0):
 garbage-first heap   total 457728K, used 254351K [0x0000000080000000, 0x0000000100000000)
  region size 1024K, 17 young (17408K), 17 survivors (17408K)
 Metaspace       used 213618K, committed 216448K, reserved 1245184K
  class space    used 27194K, committed 28608K, reserved 1048576K
}
Event: 300.195 GC heap before
{Heap before GC invocations=71 (full 0):
 garbage-first heap   total 457728K, used 415119K [0x0000000080000000, 0x0000000100000000)
  region size 1024K, 175 young (179200K), 17 survivors (17408K)
 Metaspace       used 224619K, committed 227648K, reserved 1310720K
  class space    used 28380K, committed 29888K, reserved 1048576K
}
Event: 300.251 GC heap after
{Heap after GC invocations=72 (full 0):
 garbage-first heap   total 457728K, used 261831K [0x0000000080000000, 0x0000000100000000)
  region size 1024K, 20 young (20480K), 20 survivors (20480K)
 Metaspace       used 224619K, committed 227648K, reserved 1310720K
  class space    used 28380K, committed 29888K, reserved 1048576K
}
Event: 309.678 GC heap before
{Heap before GC invocations=72 (full 0):
 garbage-first heap   total 457728K, used 413383K [0x0000000080000000, 0x0000000100000000)
  region size 1024K, 167 young (171008K), 20 survivors (20480K)
 Metaspace       used 232932K, committed 235904K, reserved 1310720K
  class space    used 29197K, committed 30720K, reserved 1048576K
}
Event: 309.762 GC heap after
{Heap after GC invocations=73 (full 0):
 garbage-first heap   total 457728K, used 269824K [0x0000000080000000, 0x0000000100000000)
  region size 1024K, 21 young (21504K), 21 survivors (21504K)
 Metaspace       used 232932K, committed 235904K, reserved 1310720K
  class space    used 29197K, committed 30720K, reserved 1048576K
}
Event: 1047.550 GC heap before
{Heap before GC invocations=73 (full 0):
 garbage-first heap   total 457728K, used 410112K [0x0000000080000000, 0x0000000100000000)
  region size 1024K, 160 young (163840K), 21 survivors (21504K)
 Metaspace       used 236091K, committed 239168K, reserved 1310720K
  class space    used 29598K, committed 31168K, reserved 1048576K
}
Event: 1047.619 GC heap after
{Heap after GC invocations=74 (full 0):
 garbage-first heap   total 457728K, used 279040K [0x0000000080000000, 0x0000000100000000)
  region size 1024K, 10 young (10240K), 10 survivors (10240K)
 Metaspace       used 236091K, committed 239168K, reserved 1310720K
  class space    used 29598K, committed 31168K, reserved 1048576K
}
Event: 1514.935 GC heap before
{Heap before GC invocations=75 (full 0):
 garbage-first heap   total 500736K, used 422400K [0x0000000080000000, 0x0000000100000000)
  region size 1024K, 149 young (152576K), 10 survivors (10240K)
 Metaspace       used 242920K, committed 246016K, reserved 1310720K
  class space    used 30302K, committed 31872K, reserved 1048576K
}
Event: 1514.967 GC heap after
{Heap after GC invocations=76 (full 0):
 garbage-first heap   total 500736K, used 288256K [0x0000000080000000, 0x0000000100000000)
  region size 1024K, 10 young (10240K), 10 survivors (10240K)
 Metaspace       used 242920K, committed 246016K, reserved 1310720K
  class space    used 30302K, committed 31872K, reserved 1048576K
}
Event: 1520.074 GC heap before
{Heap before GC invocations=76 (full 0):
 garbage-first heap   total 500736K, used 471552K [0x0000000080000000, 0x0000000100000000)
  region size 1024K, 181 young (185344K), 10 survivors (10240K)
 Metaspace       used 247662K, committed 250816K, reserved 1310720K
  class space    used 30944K, committed 32576K, reserved 1048576K
}

